[INFO ] 2018-03-03 15:25:00.088 [JavaFX Application Thread] App - Returning Card: Sword
[INFO ] 2018-03-03 15:25:00.765 [JavaFX Application Thread] App - Returning the sponsor.
[INFO ] 2018-03-03 15:25:00.765 [JavaFX Application Thread] App - Returning Card: Sword
[INFO ] 2018-03-03 15:25:00.765 [JavaFX Application Thread] App - Removing the following card Sword from Enter Name hand.
[INFO ] 2018-03-03 15:25:00.765 [JavaFX Application Thread] App - Returning list of player in game.
[INFO ] 2018-03-03 15:25:00.765 [JavaFX Application Thread] App - Returning Enter Name.
[INFO ] 2018-03-03 15:25:00.765 [JavaFX Application Thread] App - Returning Enter Name.
[INFO ] 2018-03-03 15:25:00.766 [JavaFX Application Thread] App - Returning Enter Name rank.
[INFO ] 2018-03-03 15:25:00.766 [JavaFX Application Thread] App - Returning Enter Name number of card on hand.
[INFO ] 2018-03-03 15:25:00.766 [JavaFX Application Thread] App - Returning Enter Name.
[INFO ] 2018-03-03 15:25:00.766 [JavaFX Application Thread] App - Returning Enter Name rank.
[INFO ] 2018-03-03 15:25:00.766 [JavaFX Application Thread] App - Returning Enter Name number of card on hand.
[INFO ] 2018-03-03 15:25:00.766 [JavaFX Application Thread] App - Returning Enter Name.
[INFO ] 2018-03-03 15:25:00.766 [JavaFX Application Thread] App - Returning Enter Name rank.
[INFO ] 2018-03-03 15:25:00.766 [JavaFX Application Thread] App - Returning Enter Name number of card on hand.
[INFO ] 2018-03-03 15:25:00.766 [JavaFX Application Thread] App - Returning Enter Name.
[INFO ] 2018-03-03 15:25:00.766 [JavaFX Application Thread] App - Returning Enter Name rank.
[INFO ] 2018-03-03 15:25:00.766 [JavaFX Application Thread] App - Returning Enter Name number of card on hand.
[INFO ] 2018-03-03 15:25:00.766 [JavaFX Application Thread] App - Returning Enter Name cards on hand.
[INFO ] 2018-03-03 15:25:00.766 [JavaFX Application Thread] App - Returning Card: Green Knight image
[INFO ] 2018-03-03 15:25:00.784 [JavaFX Application Thread] App - Returning Card: Mordred image
[INFO ] 2018-03-03 15:25:00.802 [JavaFX Application Thread] App - Returning Card: Mordred image
[INFO ] 2018-03-03 15:25:00.819 [JavaFX Application Thread] App - Returning Card: Robber Knight image
[INFO ] 2018-03-03 15:25:00.837 [JavaFX Application Thread] App - Returning Card: Saxon Knight image
[INFO ] 2018-03-03 15:25:00.853 [JavaFX Application Thread] App - Returning Card: Saxons image
[INFO ] 2018-03-03 15:25:00.870 [JavaFX Application Thread] App - Returning Card: Thieves image
[INFO ] 2018-03-03 15:25:00.887 [JavaFX Application Thread] App - Returning Card: Lance image
[INFO ] 2018-03-03 15:25:00.905 [JavaFX Application Thread] App - Returning Card: Sword image
[INFO ] 2018-03-03 15:25:00.922 [JavaFX Application Thread] App - Returning Card: Sword image
[INFO ] 2018-03-03 15:25:00.939 [JavaFX Application Thread] App - Returning Card: Thieves image
[INFO ] 2018-03-03 15:25:00.956 [JavaFX Application Thread] App - Returning Card: Sword image
[INFO ] 2018-03-03 15:25:02.393 [JavaFX Application Thread] App - Returning Card: Lance
[INFO ] 2018-03-03 15:25:02.957 [JavaFX Application Thread] App - Returning the sponsor.
[INFO ] 2018-03-03 15:25:02.958 [JavaFX Application Thread] App - Returning Card: Lance
[INFO ] 2018-03-03 15:25:02.958 [JavaFX Application Thread] App - Removing the following card Lance from Enter Name hand.
[INFO ] 2018-03-03 15:25:02.958 [JavaFX Application Thread] App - Returning list of player in game.
[INFO ] 2018-03-03 15:25:02.958 [JavaFX Application Thread] App - Returning Enter Name.
[INFO ] 2018-03-03 15:25:02.958 [JavaFX Application Thread] App - Returning Enter Name.
[INFO ] 2018-03-03 15:25:02.958 [JavaFX Application Thread] App - Returning Enter Name rank.
[INFO ] 2018-03-03 15:25:02.958 [JavaFX Application Thread] App - Returning Enter Name number of card on hand.
[INFO ] 2018-03-03 15:25:02.959 [JavaFX Application Thread] App - Returning Enter Name.
[INFO ] 2018-03-03 15:25:02.959 [JavaFX Application Thread] App - Returning Enter Name rank.
[INFO ] 2018-03-03 15:25:02.959 [JavaFX Application Thread] App - Returning Enter Name number of card on hand.
[INFO ] 2018-03-03 15:25:02.959 [JavaFX Application Thread] App - Returning Enter Name.
[INFO ] 2018-03-03 15:25:02.959 [JavaFX Application Thread] App - Returning Enter Name rank.
[INFO ] 2018-03-03 15:25:02.959 [JavaFX Application Thread] App - Returning Enter Name number of card on hand.
[INFO ] 2018-03-03 15:25:02.959 [JavaFX Application Thread] App - Returning Enter Name.
[INFO ] 2018-03-03 15:25:02.959 [JavaFX Application Thread] App - Returning Enter Name rank.
[INFO ] 2018-03-03 15:25:02.959 [JavaFX Application Thread] App - Returning Enter Name number of card on hand.
[INFO ] 2018-03-03 15:25:02.959 [JavaFX Application Thread] App - Returning Enter Name cards on hand.
[INFO ] 2018-03-03 15:25:02.959 [JavaFX Application Thread] App - Returning Card: Green Knight image
[INFO ] 2018-03-03 15:25:02.977 [JavaFX Application Thread] App - Returning Card: Mordred image
[INFO ] 2018-03-03 15:25:02.996 [JavaFX Application Thread] App - Returning Card: Mordred image
[INFO ] 2018-03-03 15:25:03.015 [JavaFX Application Thread] App - Returning Card: Robber Knight image
[INFO ] 2018-03-03 15:25:03.033 [JavaFX Application Thread] App - Returning Card: Saxon Knight image
[INFO ] 2018-03-03 15:25:03.050 [JavaFX Application Thread] App - Returning Card: Saxons image
[INFO ] 2018-03-03 15:25:03.067 [JavaFX Application Thread] App - Returning Card: Thieves image
[INFO ] 2018-03-03 15:25:03.083 [JavaFX Application Thread] App - Returning Card: Sword image
[INFO ] 2018-03-03 15:25:03.100 [JavaFX Application Thread] App - Returning Card: Sword image
[INFO ] 2018-03-03 15:25:03.117 [JavaFX Application Thread] App - Returning Card: Thieves image
[INFO ] 2018-03-03 15:25:03.135 [JavaFX Application Thread] App - Returning Card: Sword image
[INFO ] 2018-03-03 15:25:03.152 [JavaFX Application Thread] App - Returning Card: Lance image
